<?xml version="1.0" encoding="UTF-8"?>
<testng-results skipped="0" failed="0" ignored="0" total="4" passed="4">
  <reporter-output>
  </reporter-output>
  <suite name="Default suite" duration-ms="102" started-at="2020-09-02T12:41:44 EDT" finished-at="2020-09-02T12:41:44 EDT">
    <groups>
    </groups>
    <test name="Default test" duration-ms="102" started-at="2020-09-02T12:41:44 EDT" finished-at="2020-09-02T12:41:44 EDT">
      <class name="com.syntax.class1.TestNGIntro">
        <test-method status="PASS" signature="testFour()[pri:0, instance:com.syntax.class1.TestNGIntro@7b49cea0]" name="testFour" duration-ms="15" started-at="2020-09-02T12:41:44 EDT" finished-at="2020-09-02T12:41:44 EDT">
          <reporter-output>
          </reporter-output>
        </test-method> <!-- testFour -->
        <test-method status="PASS" signature="testOne()[pri:0, instance:com.syntax.class1.TestNGIntro@7b49cea0]" name="testOne" duration-ms="12" started-at="2020-09-02T12:41:44 EDT" finished-at="2020-09-02T12:41:44 EDT">
          <reporter-output>
          </reporter-output>
        </test-method> <!-- testOne -->
        <test-method status="PASS" signature="testThree()[pri:0, instance:com.syntax.class1.TestNGIntro@7b49cea0]" name="testThree" duration-ms="4" started-at="2020-09-02T12:41:44 EDT" finished-at="2020-09-02T12:41:44 EDT">
          <reporter-output>
          </reporter-output>
        </test-method> <!-- testThree -->
        <test-method status="PASS" signature="testTwo()[pri:0, instance:com.syntax.class1.TestNGIntro@7b49cea0]" name="testTwo" duration-ms="6" started-at="2020-09-02T12:41:44 EDT" finished-at="2020-09-02T12:41:44 EDT">
          <reporter-output>
          </reporter-output>
        </test-method> <!-- testTwo -->
      </class> <!-- com.syntax.class1.TestNGIntro -->
    </test> <!-- Default test -->
  </suite> <!-- Default suite -->
</testng-results>
